Performing C SOURCE FILE Test CMAKE_HAVE_LIBC_PTHREAD failed with the following output:
Change Dir: /home/lamine/CLionProjects/gol/cmake-build-debug/CMakeFiles/CMakeTmp

Run Build Command(s):/usr/bin/make -f Makefile cmTC_52efe/fast && /usr/bin/make  -f CMakeFiles/cmTC_52efe.dir/build.make CMakeFiles/cmTC_52efe.dir/build
make[1] : on entre dans le répertoire « /home/lamine/CLionProjects/gol/cmake-build-debug/CMakeFiles/CMakeTmp »
Building C object CMakeFiles/cmTC_52efe.dir/src.c.o
/usr/bin/cc -DCMAKE_HAVE_LIBC_PTHREAD   -o CMakeFiles/cmTC_52efe.dir/src.c.o -c /home/lamine/CLionProjects/gol/cmake-build-debug/CMakeFiles/CMakeTmp/src.c
Linking C executable cmTC_52efe
/usr/bin/cmake -E cmake_link_script CMakeFiles/cmTC_52efe.dir/link.txt --verbose=1
/usr/bin/cc -rdynamic CMakeFiles/cmTC_52efe.dir/src.c.o -o cmTC_52efe 
/usr/bin/ld : CMakeFiles/cmTC_52efe.dir/src.c.o : dans la fonction « main » :
src.c:(.text+0x3e) : référence indéfinie vers « pthread_create »
/usr/bin/ld : src.c:(.text+0x4a) : référence indéfinie vers « pthread_detach »
/usr/bin/ld : src.c:(.text+0x56) : référence indéfinie vers « pthread_cancel »
/usr/bin/ld : src.c:(.text+0x67) : référence indéfinie vers « pthread_join »
collect2: erreur: ld a retourné le statut de sortie 1
make[1]: *** [CMakeFiles/cmTC_52efe.dir/build.make:99 : cmTC_52efe] Erreur 1
make[1] : on quitte le répertoire « /home/lamine/CLionProjects/gol/cmake-build-debug/CMakeFiles/CMakeTmp »
make: *** [Makefile:127 : cmTC_52efe/fast] Erreur 2


Source file was:
#include <pthread.h>

static void* test_func(void* data)
{
  return data;
}

int main(void)
{
  pthread_t thread;
  pthread_create(&thread, NULL, test_func, NULL);
  pthread_detach(thread);
  pthread_cancel(thread);
  pthread_join(thread, NULL);
  pthread_atfork(NULL, NULL, NULL);
  pthread_exit(NULL);

  return 0;
}

Determining if the function pthread_create exists in the pthreads failed with the following output:
Change Dir: /home/lamine/CLionProjects/gol/cmake-build-debug/CMakeFiles/CMakeTmp

Run Build Command(s):/usr/bin/make -f Makefile cmTC_5b592/fast && /usr/bin/make  -f CMakeFiles/cmTC_5b592.dir/build.make CMakeFiles/cmTC_5b592.dir/build
make[1] : on entre dans le répertoire « /home/lamine/CLionProjects/gol/cmake-build-debug/CMakeFiles/CMakeTmp »
Building C object CMakeFiles/cmTC_5b592.dir/CheckFunctionExists.c.o
/usr/bin/cc   -DCHECK_FUNCTION_EXISTS=pthread_create -o CMakeFiles/cmTC_5b592.dir/CheckFunctionExists.c.o -c /usr/share/cmake-3.21/Modules/CheckFunctionExists.c
Linking C executable cmTC_5b592
/usr/bin/cmake -E cmake_link_script CMakeFiles/cmTC_5b592.dir/link.txt --verbose=1
/usr/bin/cc  -DCHECK_FUNCTION_EXISTS=pthread_create -rdynamic CMakeFiles/cmTC_5b592.dir/CheckFunctionExists.c.o -o cmTC_5b592  -lpthreads 
/usr/bin/ld : ne peut trouver -lpthreads
collect2: erreur: ld a retourné le statut de sortie 1
make[1]: *** [CMakeFiles/cmTC_5b592.dir/build.make:99 : cmTC_5b592] Erreur 1
make[1] : on quitte le répertoire « /home/lamine/CLionProjects/gol/cmake-build-debug/CMakeFiles/CMakeTmp »
make: *** [Makefile:127 : cmTC_5b592/fast] Erreur 2



